2025-09-03 15:22:15,612 - __main__ - ERROR - Error initializing database: near "INDEX": syntax error
2025-09-03 15:22:15,612 - __main__ - ERROR - Failed to start server: near "INDEX": syntax error
2025-09-03 15:22:59,535 - __main__ - INFO - Database initialized: wazuh_archives.db
2025-09-03 15:22:59,546 - __main__ - INFO - Connected to Docker daemon
2025-09-03 15:22:59,578 - __main__ - INFO - Found Wazuh container: single-node-wazuh.manager-1 (ee33420bfec5)
2025-09-03 15:22:59,578 - __main__ - INFO - Starting Wazuh Real-time Data Fetcher...
2025-09-03 15:22:59,579 - __main__ - INFO - Fetch loop started with interval: 5s
2025-09-03 15:22:59,579 - __main__ - INFO - ==================================================
2025-09-03 15:22:59,579 - __main__ - INFO - WAZUH REALTIME SERVER STATS
2025-09-03 15:22:59,579 - __main__ - INFO - ==================================================
2025-09-03 15:22:59,580 - __main__ - INFO - Total Records: 0
2025-09-03 15:22:59,580 - __main__ - INFO - Last Fetch: 2025-09-03 08:22:59
2025-09-03 15:22:59,580 - __main__ - INFO - Latest Record: None
2025-09-03 15:22:59,580 - __main__ - INFO - Database File: wazuh_archives.db
2025-09-03 15:22:59,580 - __main__ - INFO - Container Position: 0
2025-09-03 15:22:59,580 - __main__ - INFO - ==================================================
2025-09-03 15:22:59,693 - __main__ - INFO - File size: 823125, last position: 0
2025-09-03 15:22:59,867 - __main__ - ERROR - Error inserting record: Error binding parameter 10 - probably unsupported type.
2025-09-03 15:22:59,868 - __main__ - ERROR - Error inserting record: Error binding parameter 10 - probably unsupported type.
2025-09-03 15:22:59,868 - __main__ - ERROR - Error inserting record: Error binding parameter 10 - probably unsupported type.
2025-09-03 15:22:59,868 - __main__ - ERROR - Error inserting record: Error binding parameter 10 - probably unsupported type.
2025-09-03 15:22:59,868 - __main__ - ERROR - Error inserting record: Error binding parameter 10 - probably unsupported type.
2025-09-03 15:22:59,868 - __main__ - ERROR - Error inserting record: Error binding parameter 10 - probably unsupported type.
2025-09-03 15:22:59,868 - __main__ - ERROR - Error inserting record: Error binding parameter 10 - probably unsupported type.
2025-09-03 15:22:59,868 - __main__ - ERROR - Error inserting record: Error binding parameter 10 - probably unsupported type.
2025-09-03 15:22:59,868 - __main__ - ERROR - Error inserting record: Error binding parameter 10 - probably unsupported type.
2025-09-03 15:22:59,869 - __main__ - ERROR - Error inserting record: Error binding parameter 10 - probably unsupported type.
2025-09-03 15:22:59,869 - __main__ - ERROR - Error inserting record: Error binding parameter 10 - probably unsupported type.
2025-09-03 15:22:59,869 - __main__ - ERROR - Error inserting record: Error binding parameter 10 - probably unsupported type.
2025-09-03 15:22:59,869 - __main__ - ERROR - Error inserting record: Error binding parameter 10 - probably unsupported type.
2025-09-03 15:22:59,869 - __main__ - ERROR - Error inserting record: Error binding parameter 10 - probably unsupported type.
2025-09-03 15:22:59,869 - __main__ - ERROR - Error inserting record: Error binding parameter 10 - probably unsupported type.
2025-09-03 15:22:59,869 - __main__ - ERROR - Error inserting record: Error binding parameter 10 - probably unsupported type.
2025-09-03 15:22:59,869 - __main__ - ERROR - Error inserting record: Error binding parameter 10 - probably unsupported type.
2025-09-03 15:22:59,869 - __main__ - ERROR - Error inserting record: Error binding parameter 10 - probably unsupported type.
2025-09-03 15:22:59,869 - __main__ - ERROR - Error inserting record: Error binding parameter 10 - probably unsupported type.
2025-09-03 15:22:59,870 - __main__ - ERROR - Error inserting record: Error binding parameter 10 - probably unsupported type.
2025-09-03 15:22:59,870 - __main__ - ERROR - Error inserting record: Error binding parameter 10 - probably unsupported type.
2025-09-03 15:22:59,870 - __main__ - ERROR - Error inserting record: Error binding parameter 10 - probably unsupported type.
2025-09-03 15:22:59,870 - __main__ - ERROR - Error inserting record: Error binding parameter 10 - probably unsupported type.
2025-09-03 15:22:59,870 - __main__ - ERROR - Error inserting record: Error binding parameter 10 - probably unsupported type.
2025-09-03 15:22:59,870 - __main__ - ERROR - Error inserting record: Error binding parameter 10 - probably unsupported type.
2025-09-03 15:22:59,870 - __main__ - ERROR - Error inserting record: Error binding parameter 10 - probably unsupported type.
2025-09-03 15:22:59,870 - __main__ - ERROR - Error inserting record: Error binding parameter 10 - probably unsupported type.
2025-09-03 15:22:59,870 - __main__ - ERROR - Error inserting record: Error binding parameter 10 - probably unsupported type.
2025-09-03 15:22:59,870 - __main__ - ERROR - Error inserting record: Error binding parameter 10 - probably unsupported type.
2025-09-03 15:22:59,870 - __main__ - ERROR - Error inserting record: Error binding parameter 10 - probably unsupported type.
2025-09-03 15:22:59,870 - __main__ - ERROR - Error inserting record: Error binding parameter 10 - probably unsupported type.
2025-09-03 15:22:59,870 - __main__ - ERROR - Error inserting record: Error binding parameter 10 - probably unsupported type.
2025-09-03 15:22:59,870 - __main__ - ERROR - Error inserting record: Error binding parameter 10 - probably unsupported type.
2025-09-03 15:22:59,870 - __main__ - ERROR - Error inserting record: Error binding parameter 10 - probably unsupported type.
2025-09-03 15:22:59,870 - __main__ - ERROR - Error inserting record: Error binding parameter 10 - probably unsupported type.
2025-09-03 15:22:59,870 - __main__ - ERROR - Error inserting record: Error binding parameter 10 - probably unsupported type.
2025-09-03 15:22:59,871 - __main__ - ERROR - Error inserting record: Error binding parameter 10 - probably unsupported type.
2025-09-03 15:22:59,871 - __main__ - ERROR - Error inserting record: Error binding parameter 10 - probably unsupported type.
2025-09-03 15:22:59,871 - __main__ - ERROR - Error inserting record: Error binding parameter 10 - probably unsupported type.
2025-09-03 15:22:59,871 - __main__ - ERROR - Error inserting record: Error binding parameter 10 - probably unsupported type.
2025-09-03 15:22:59,871 - __main__ - ERROR - Error inserting record: Error binding parameter 10 - probably unsupported type.
2025-09-03 15:22:59,871 - __main__ - ERROR - Error inserting record: Error binding parameter 10 - probably unsupported type.
2025-09-03 15:22:59,871 - __main__ - ERROR - Error inserting record: Error binding parameter 10 - probably unsupported type.
2025-09-03 15:22:59,871 - __main__ - ERROR - Error inserting record: Error binding parameter 10 - probably unsupported type.
2025-09-03 15:22:59,871 - __main__ - ERROR - Error inserting record: Error binding parameter 10 - probably unsupported type.
2025-09-03 15:22:59,871 - __main__ - ERROR - Error inserting record: Error binding parameter 10 - probably unsupported type.
2025-09-03 15:22:59,871 - __main__ - ERROR - Error inserting record: Error binding parameter 10 - probably unsupported type.
2025-09-03 15:22:59,872 - __main__ - ERROR - Error inserting record: Error binding parameter 10 - probably unsupported type.
2025-09-03 15:22:59,872 - __main__ - ERROR - Error inserting record: Error binding parameter 10 - probably unsupported type.
2025-09-03 15:22:59,872 - __main__ - ERROR - Error inserting record: Error binding parameter 10 - probably unsupported type.
2025-09-03 15:22:59,872 - __main__ - ERROR - Error inserting record: Error binding parameter 10 - probably unsupported type.
2025-09-03 15:22:59,872 - __main__ - ERROR - Error inserting record: Error binding parameter 10 - probably unsupported type.
2025-09-03 15:22:59,872 - __main__ - ERROR - Error inserting record: Error binding parameter 10 - probably unsupported type.
2025-09-03 15:22:59,872 - __main__ - ERROR - Error inserting record: Error binding parameter 10 - probably unsupported type.
2025-09-03 15:22:59,872 - __main__ - ERROR - Error inserting record: Error binding parameter 10 - probably unsupported type.
2025-09-03 15:22:59,872 - __main__ - ERROR - Error inserting record: Error binding parameter 10 - probably unsupported type.
2025-09-03 15:22:59,872 - __main__ - ERROR - Error inserting record: Error binding parameter 10 - probably unsupported type.
2025-09-03 15:22:59,872 - __main__ - ERROR - Error inserting record: Error binding parameter 10 - probably unsupported type.
2025-09-03 15:22:59,872 - __main__ - ERROR - Error inserting record: Error binding parameter 10 - probably unsupported type.
2025-09-03 15:22:59,872 - __main__ - ERROR - Error inserting record: Error binding parameter 10 - probably unsupported type.
2025-09-03 15:22:59,872 - __main__ - ERROR - Error inserting record: Error binding parameter 10 - probably unsupported type.
2025-09-03 15:22:59,873 - __main__ - ERROR - Error inserting record: Error binding parameter 10 - probably unsupported type.
2025-09-03 15:22:59,873 - __main__ - ERROR - Error inserting record: Error binding parameter 10 - probably unsupported type.
2025-09-03 15:22:59,873 - __main__ - ERROR - Error inserting record: Error binding parameter 10 - probably unsupported type.
2025-09-03 15:22:59,873 - __main__ - ERROR - Error inserting record: Error binding parameter 10 - probably unsupported type.
2025-09-03 15:22:59,873 - __main__ - ERROR - Error inserting record: Error binding parameter 10 - probably unsupported type.
2025-09-03 15:22:59,873 - __main__ - ERROR - Error inserting record: Error binding parameter 10 - probably unsupported type.
2025-09-03 15:22:59,873 - __main__ - ERROR - Error inserting record: Error binding parameter 10 - probably unsupported type.
2025-09-03 15:22:59,873 - __main__ - ERROR - Error inserting record: Error binding parameter 10 - probably unsupported type.
2025-09-03 15:22:59,873 - __main__ - ERROR - Error inserting record: Error binding parameter 10 - probably unsupported type.
2025-09-03 15:22:59,875 - __main__ - ERROR - Error inserting record: Error binding parameter 10 - probably unsupported type.
2025-09-03 15:22:59,875 - __main__ - ERROR - Error inserting record: Error binding parameter 10 - probably unsupported type.
2025-09-03 15:22:59,875 - __main__ - ERROR - Error inserting record: Error binding parameter 10 - probably unsupported type.
2025-09-03 15:22:59,875 - __main__ - ERROR - Error inserting record: Error binding parameter 10 - probably unsupported type.
2025-09-03 15:22:59,876 - __main__ - ERROR - Error inserting record: Error binding parameter 10 - probably unsupported type.
2025-09-03 15:22:59,876 - __main__ - ERROR - Error inserting record: Error binding parameter 10 - probably unsupported type.
2025-09-03 15:22:59,876 - __main__ - ERROR - Error inserting record: Error binding parameter 10 - probably unsupported type.
2025-09-03 15:22:59,876 - __main__ - ERROR - Error inserting record: Error binding parameter 10 - probably unsupported type.
2025-09-03 15:22:59,876 - __main__ - ERROR - Error inserting record: Error binding parameter 10 - probably unsupported type.
2025-09-03 15:22:59,876 - __main__ - ERROR - Error inserting record: Error binding parameter 10 - probably unsupported type.
2025-09-03 15:22:59,876 - __main__ - ERROR - Error inserting record: Error binding parameter 10 - probably unsupported type.
2025-09-03 15:22:59,876 - __main__ - ERROR - Error inserting record: Error binding parameter 10 - probably unsupported type.
2025-09-03 15:22:59,876 - __main__ - ERROR - Error inserting record: Error binding parameter 10 - probably unsupported type.
2025-09-03 15:22:59,876 - __main__ - ERROR - Error inserting record: Error binding parameter 10 - probably unsupported type.
2025-09-03 15:22:59,876 - __main__ - ERROR - Error inserting record: Error binding parameter 10 - probably unsupported type.
2025-09-03 15:22:59,876 - __main__ - ERROR - Error inserting record: Error binding parameter 10 - probably unsupported type.
2025-09-03 15:22:59,876 - __main__ - ERROR - Error inserting record: Error binding parameter 10 - probably unsupported type.
2025-09-03 15:22:59,876 - __main__ - ERROR - Error inserting record: Error binding parameter 10 - probably unsupported type.
2025-09-03 15:22:59,876 - __main__ - ERROR - Error inserting record: Error binding parameter 10 - probably unsupported type.
2025-09-03 15:22:59,876 - __main__ - ERROR - Error inserting record: Error binding parameter 10 - probably unsupported type.
2025-09-03 15:22:59,877 - __main__ - ERROR - Error inserting record: Error binding parameter 10 - probably unsupported type.
2025-09-03 15:22:59,877 - __main__ - ERROR - Error inserting record: Error binding parameter 10 - probably unsupported type.
2025-09-03 15:22:59,877 - __main__ - ERROR - Error inserting record: Error binding parameter 10 - probably unsupported type.
2025-09-03 15:22:59,877 - __main__ - ERROR - Error inserting record: Error binding parameter 10 - probably unsupported type.
2025-09-03 15:22:59,877 - __main__ - ERROR - Error inserting record: Error binding parameter 10 - probably unsupported type.
2025-09-03 15:22:59,877 - __main__ - ERROR - Error inserting record: Error binding parameter 10 - probably unsupported type.
2025-09-03 15:22:59,877 - __main__ - ERROR - Error inserting record: Error binding parameter 10 - probably unsupported type.
2025-09-03 15:22:59,877 - __main__ - ERROR - Error inserting record: Error binding parameter 10 - probably unsupported type.
2025-09-03 15:22:59,877 - __main__ - ERROR - Error inserting record: Error binding parameter 10 - probably unsupported type.
2025-09-03 15:22:59,878 - __main__ - ERROR - Error inserting record: Error binding parameter 10 - probably unsupported type.
2025-09-03 15:22:59,878 - __main__ - ERROR - Error inserting record: Error binding parameter 10 - probably unsupported type.
2025-09-03 15:22:59,878 - __main__ - ERROR - Error inserting record: Error binding parameter 10 - probably unsupported type.
2025-09-03 15:22:59,878 - __main__ - ERROR - Error inserting record: Error binding parameter 10 - probably unsupported type.
2025-09-03 15:22:59,878 - __main__ - ERROR - Error inserting record: Error binding parameter 10 - probably unsupported type.
2025-09-03 15:22:59,878 - __main__ - ERROR - Error inserting record: Error binding parameter 10 - probably unsupported type.
2025-09-03 15:22:59,879 - __main__ - ERROR - Error inserting record: Error binding parameter 10 - probably unsupported type.
2025-09-03 15:22:59,879 - __main__ - ERROR - Error inserting record: Error binding parameter 10 - probably unsupported type.
2025-09-03 15:22:59,879 - __main__ - ERROR - Error inserting record: Error binding parameter 10 - probably unsupported type.
2025-09-03 15:22:59,879 - __main__ - ERROR - Error inserting record: Error binding parameter 10 - probably unsupported type.
2025-09-03 15:22:59,879 - __main__ - ERROR - Error inserting record: Error binding parameter 10 - probably unsupported type.
2025-09-03 15:22:59,879 - __main__ - ERROR - Error inserting record: Error binding parameter 10 - probably unsupported type.
2025-09-03 15:22:59,879 - __main__ - ERROR - Error inserting record: Error binding parameter 10 - probably unsupported type.
2025-09-03 15:22:59,879 - __main__ - ERROR - Error inserting record: Error binding parameter 10 - probably unsupported type.
2025-09-03 15:22:59,879 - __main__ - ERROR - Error inserting record: Error binding parameter 10 - probably unsupported type.
2025-09-03 15:22:59,880 - __main__ - ERROR - Error inserting record: Error binding parameter 10 - probably unsupported type.
2025-09-03 15:22:59,880 - __main__ - ERROR - Error inserting record: Error binding parameter 10 - probably unsupported type.
2025-09-03 15:22:59,880 - __main__ - ERROR - Error inserting record: Error binding parameter 10 - probably unsupported type.
2025-09-03 15:22:59,880 - __main__ - ERROR - Error inserting record: Error binding parameter 10 - probably unsupported type.
2025-09-03 15:22:59,880 - __main__ - ERROR - Error inserting record: Error binding parameter 10 - probably unsupported type.
2025-09-03 15:22:59,880 - __main__ - ERROR - Error inserting record: Error binding parameter 10 - probably unsupported type.
2025-09-03 15:22:59,880 - __main__ - ERROR - Error inserting record: Error binding parameter 10 - probably unsupported type.
2025-09-03 15:22:59,880 - __main__ - ERROR - Error inserting record: Error binding parameter 10 - probably unsupported type.
2025-09-03 15:22:59,880 - __main__ - ERROR - Error inserting record: Error binding parameter 10 - probably unsupported type.
2025-09-03 15:22:59,880 - __main__ - ERROR - Error inserting record: Error binding parameter 10 - probably unsupported type.
2025-09-03 15:22:59,880 - __main__ - ERROR - Error inserting record: Error binding parameter 10 - probably unsupported type.
2025-09-03 15:22:59,881 - __main__ - ERROR - Error inserting record: Error binding parameter 10 - probably unsupported type.
2025-09-03 15:22:59,881 - __main__ - ERROR - Error inserting record: Error binding parameter 10 - probably unsupported type.
2025-09-03 15:22:59,881 - __main__ - ERROR - Error inserting record: Error binding parameter 10 - probably unsupported type.
2025-09-03 15:22:59,881 - __main__ - ERROR - Error inserting record: Error binding parameter 10 - probably unsupported type.
2025-09-03 15:22:59,881 - __main__ - ERROR - Error inserting record: Error binding parameter 10 - probably unsupported type.
2025-09-03 15:22:59,881 - __main__ - ERROR - Error inserting record: Error binding parameter 10 - probably unsupported type.
2025-09-03 15:22:59,881 - __main__ - ERROR - Error inserting record: Error binding parameter 10 - probably unsupported type.
2025-09-03 15:22:59,881 - __main__ - ERROR - Error inserting record: Error binding parameter 10 - probably unsupported type.
2025-09-03 15:22:59,881 - __main__ - ERROR - Error inserting record: Error binding parameter 10 - probably unsupported type.
2025-09-03 15:22:59,881 - __main__ - ERROR - Error inserting record: Error binding parameter 10 - probably unsupported type.
2025-09-03 15:22:59,881 - __main__ - ERROR - Error inserting record: Error binding parameter 10 - probably unsupported type.
2025-09-03 15:22:59,881 - __main__ - ERROR - Error inserting record: Error binding parameter 10 - probably unsupported type.
2025-09-03 15:22:59,881 - __main__ - ERROR - Error inserting record: Error binding parameter 10 - probably unsupported type.
2025-09-03 15:22:59,881 - __main__ - ERROR - Error inserting record: Error binding parameter 10 - probably unsupported type.
2025-09-03 15:22:59,881 - __main__ - ERROR - Error inserting record: Error binding parameter 10 - probably unsupported type.
2025-09-03 15:22:59,881 - __main__ - ERROR - Error inserting record: Error binding parameter 10 - probably unsupported type.
2025-09-03 15:22:59,881 - __main__ - ERROR - Error inserting record: Error binding parameter 10 - probably unsupported type.
2025-09-03 15:22:59,881 - __main__ - ERROR - Error inserting record: Error binding parameter 10 - probably unsupported type.
2025-09-03 15:22:59,881 - __main__ - ERROR - Error inserting record: Error binding parameter 10 - probably unsupported type.
2025-09-03 15:22:59,882 - __main__ - ERROR - Error inserting record: Error binding parameter 10 - probably unsupported type.
2025-09-03 15:22:59,882 - __main__ - ERROR - Error inserting record: Error binding parameter 10 - probably unsupported type.
2025-09-03 15:22:59,882 - __main__ - ERROR - Error inserting record: Error binding parameter 10 - probably unsupported type.
2025-09-03 15:22:59,882 - __main__ - ERROR - Error inserting record: Error binding parameter 10 - probably unsupported type.
2025-09-03 15:22:59,882 - __main__ - ERROR - Error inserting record: Error binding parameter 10 - probably unsupported type.
2025-09-03 15:22:59,882 - __main__ - ERROR - Error inserting record: Error binding parameter 10 - probably unsupported type.
2025-09-03 15:22:59,882 - __main__ - ERROR - Error inserting record: Error binding parameter 10 - probably unsupported type.
2025-09-03 15:22:59,882 - __main__ - ERROR - Error inserting record: Error binding parameter 10 - probably unsupported type.
2025-09-03 15:22:59,882 - __main__ - ERROR - Error inserting record: Error binding parameter 10 - probably unsupported type.
2025-09-03 15:22:59,882 - __main__ - ERROR - Error inserting record: Error binding parameter 10 - probably unsupported type.
2025-09-03 15:22:59,883 - __main__ - ERROR - Error inserting record: Error binding parameter 10 - probably unsupported type.
2025-09-03 15:22:59,883 - __main__ - ERROR - Error inserting record: Error binding parameter 10 - probably unsupported type.
2025-09-03 15:22:59,883 - __main__ - ERROR - Error inserting record: Error binding parameter 10 - probably unsupported type.
2025-09-03 15:22:59,883 - __main__ - ERROR - Error inserting record: Error binding parameter 10 - probably unsupported type.
2025-09-03 15:22:59,883 - __main__ - ERROR - Error inserting record: Error binding parameter 10 - probably unsupported type.
2025-09-03 15:22:59,883 - __main__ - ERROR - Error inserting record: Error binding parameter 10 - probably unsupported type.
2025-09-03 15:22:59,883 - __main__ - ERROR - Error inserting record: Error binding parameter 10 - probably unsupported type.
2025-09-03 15:22:59,883 - __main__ - ERROR - Error inserting record: Error binding parameter 10 - probably unsupported type.
2025-09-03 15:22:59,883 - __main__ - ERROR - Error inserting record: Error binding parameter 10 - probably unsupported type.
2025-09-03 15:22:59,883 - __main__ - ERROR - Error inserting record: Error binding parameter 10 - probably unsupported type.
2025-09-03 15:22:59,883 - __main__ - ERROR - Error inserting record: Error binding parameter 10 - probably unsupported type.
2025-09-03 15:22:59,884 - __main__ - ERROR - Error inserting record: Error binding parameter 10 - probably unsupported type.
2025-09-03 15:22:59,884 - __main__ - ERROR - Error inserting record: Error binding parameter 10 - probably unsupported type.
2025-09-03 15:22:59,884 - __main__ - ERROR - Error inserting record: Error binding parameter 10 - probably unsupported type.
2025-09-03 15:22:59,884 - __main__ - ERROR - Error inserting record: Error binding parameter 10 - probably unsupported type.
2025-09-03 15:22:59,884 - __main__ - ERROR - Error inserting record: Error binding parameter 10 - probably unsupported type.
2025-09-03 15:22:59,884 - __main__ - ERROR - Error inserting record: Error binding parameter 10 - probably unsupported type.
2025-09-03 15:22:59,884 - __main__ - ERROR - Error inserting record: Error binding parameter 10 - probably unsupported type.
2025-09-03 15:22:59,884 - __main__ - ERROR - Error inserting record: Error binding parameter 10 - probably unsupported type.
2025-09-03 15:22:59,884 - __main__ - ERROR - Error inserting record: Error binding parameter 10 - probably unsupported type.
2025-09-03 15:22:59,884 - __main__ - ERROR - Error inserting record: Error binding parameter 10 - probably unsupported type.
2025-09-03 15:22:59,884 - __main__ - ERROR - Error inserting record: Error binding parameter 10 - probably unsupported type.
2025-09-03 15:22:59,884 - __main__ - ERROR - Error inserting record: Error binding parameter 10 - probably unsupported type.
2025-09-03 15:22:59,884 - __main__ - ERROR - Error inserting record: Error binding parameter 10 - probably unsupported type.
2025-09-03 15:22:59,884 - __main__ - ERROR - Error inserting record: Error binding parameter 10 - probably unsupported type.
2025-09-03 15:22:59,884 - __main__ - ERROR - Error inserting record: Error binding parameter 10 - probably unsupported type.
2025-09-03 15:22:59,884 - __main__ - ERROR - Error inserting record: Error binding parameter 10 - probably unsupported type.
2025-09-03 15:22:59,884 - __main__ - ERROR - Error inserting record: Error binding parameter 10 - probably unsupported type.
2025-09-03 15:22:59,884 - __main__ - ERROR - Error inserting record: Error binding parameter 10 - probably unsupported type.
2025-09-03 15:22:59,884 - __main__ - ERROR - Error inserting record: Error binding parameter 10 - probably unsupported type.
2025-09-03 15:22:59,885 - __main__ - ERROR - Error inserting record: Error binding parameter 10 - probably unsupported type.
2025-09-03 15:22:59,885 - __main__ - ERROR - Error inserting record: Error binding parameter 10 - probably unsupported type.
2025-09-03 15:22:59,885 - __main__ - ERROR - Error inserting record: Error binding parameter 10 - probably unsupported type.
2025-09-03 15:22:59,885 - __main__ - ERROR - Error inserting record: Error binding parameter 10 - probably unsupported type.
2025-09-03 15:22:59,886 - __main__ - ERROR - Error inserting record: Error binding parameter 10 - probably unsupported type.
2025-09-03 15:22:59,886 - __main__ - ERROR - Error inserting record: Error binding parameter 10 - probably unsupported type.
2025-09-03 15:22:59,886 - __main__ - ERROR - Error inserting record: Error binding parameter 10 - probably unsupported type.
2025-09-03 15:22:59,886 - __main__ - ERROR - Error inserting record: Error binding parameter 10 - probably unsupported type.
2025-09-03 15:22:59,886 - __main__ - ERROR - Error inserting record: Error binding parameter 10 - probably unsupported type.
2025-09-03 15:22:59,886 - __main__ - ERROR - Error inserting record: Error binding parameter 10 - probably unsupported type.
2025-09-03 15:22:59,886 - __main__ - ERROR - Error inserting record: Error binding parameter 10 - probably unsupported type.
2025-09-03 15:22:59,886 - __main__ - ERROR - Error inserting record: Error binding parameter 10 - probably unsupported type.
2025-09-03 15:22:59,886 - __main__ - ERROR - Error inserting record: Error binding parameter 10 - probably unsupported type.
2025-09-03 15:22:59,886 - __main__ - ERROR - Error inserting record: Error binding parameter 10 - probably unsupported type.
2025-09-03 15:22:59,886 - __main__ - ERROR - Error inserting record: Error binding parameter 10 - probably unsupported type.
2025-09-03 15:22:59,887 - __main__ - ERROR - Error inserting record: Error binding parameter 10 - probably unsupported type.
2025-09-03 15:22:59,887 - __main__ - ERROR - Error inserting record: Error binding parameter 10 - probably unsupported type.
2025-09-03 15:22:59,887 - __main__ - ERROR - Error inserting record: Error binding parameter 10 - probably unsupported type.
2025-09-03 15:22:59,887 - __main__ - ERROR - Error inserting record: Error binding parameter 10 - probably unsupported type.
2025-09-03 15:22:59,887 - __main__ - ERROR - Error inserting record: Error binding parameter 10 - probably unsupported type.
2025-09-03 15:22:59,887 - __main__ - ERROR - Error inserting record: Error binding parameter 10 - probably unsupported type.
2025-09-03 15:22:59,887 - __main__ - ERROR - Error inserting record: Error binding parameter 10 - probably unsupported type.
2025-09-03 15:22:59,887 - __main__ - ERROR - Error inserting record: Error binding parameter 10 - probably unsupported type.
2025-09-03 15:22:59,887 - __main__ - ERROR - Error inserting record: Error binding parameter 10 - probably unsupported type.
2025-09-03 15:22:59,887 - __main__ - ERROR - Error inserting record: Error binding parameter 10 - probably unsupported type.
2025-09-03 15:22:59,887 - __main__ - ERROR - Error inserting record: Error binding parameter 10 - probably unsupported type.
2025-09-03 15:22:59,887 - __main__ - ERROR - Error inserting record: Error binding parameter 10 - probably unsupported type.
2025-09-03 15:22:59,887 - __main__ - ERROR - Error inserting record: Error binding parameter 10 - probably unsupported type.
2025-09-03 15:22:59,888 - __main__ - ERROR - Error inserting record: Error binding parameter 10 - probably unsupported type.
2025-09-03 15:22:59,888 - __main__ - ERROR - Error inserting record: Error binding parameter 10 - probably unsupported type.
2025-09-03 15:22:59,888 - __main__ - ERROR - Error inserting record: Error binding parameter 10 - probably unsupported type.
2025-09-03 15:22:59,888 - __main__ - ERROR - Error inserting record: Error binding parameter 10 - probably unsupported type.
2025-09-03 15:22:59,888 - __main__ - ERROR - Error inserting record: Error binding parameter 10 - probably unsupported type.
2025-09-03 15:22:59,888 - __main__ - ERROR - Error inserting record: Error binding parameter 10 - probably unsupported type.
2025-09-03 15:22:59,888 - __main__ - ERROR - Error inserting record: Error binding parameter 10 - probably unsupported type.
2025-09-03 15:22:59,888 - __main__ - ERROR - Error inserting record: Error binding parameter 10 - probably unsupported type.
2025-09-03 15:22:59,888 - __main__ - ERROR - Error inserting record: Error binding parameter 10 - probably unsupported type.
2025-09-03 15:22:59,888 - __main__ - ERROR - Error inserting record: Error binding parameter 10 - probably unsupported type.
2025-09-03 15:22:59,889 - __main__ - ERROR - Error inserting record: Error binding parameter 10 - probably unsupported type.
2025-09-03 15:22:59,889 - __main__ - ERROR - Error inserting record: Error binding parameter 10 - probably unsupported type.
2025-09-03 15:22:59,889 - __main__ - ERROR - Error inserting record: Error binding parameter 10 - probably unsupported type.
2025-09-03 15:22:59,889 - __main__ - ERROR - Error inserting record: Error binding parameter 10 - probably unsupported type.
2025-09-03 15:22:59,889 - __main__ - ERROR - Error inserting record: Error binding parameter 10 - probably unsupported type.
2025-09-03 15:22:59,889 - __main__ - ERROR - Error inserting record: Error binding parameter 10 - probably unsupported type.
2025-09-03 15:22:59,890 - __main__ - ERROR - Error inserting record: Error binding parameter 10 - probably unsupported type.
2025-09-03 15:22:59,890 - __main__ - ERROR - Error inserting record: Error binding parameter 10 - probably unsupported type.
2025-09-03 15:22:59,890 - __main__ - ERROR - Error inserting record: Error binding parameter 10 - probably unsupported type.
2025-09-03 15:22:59,890 - __main__ - ERROR - Error inserting record: Error binding parameter 10 - probably unsupported type.
2025-09-03 15:22:59,890 - __main__ - ERROR - Error inserting record: Error binding parameter 10 - probably unsupported type.
2025-09-03 15:22:59,890 - __main__ - ERROR - Error inserting record: Error binding parameter 10 - probably unsupported type.
2025-09-03 15:22:59,890 - __main__ - ERROR - Error inserting record: Error binding parameter 10 - probably unsupported type.
2025-09-03 15:22:59,891 - __main__ - ERROR - Error inserting record: Error binding parameter 10 - probably unsupported type.
2025-09-03 15:22:59,891 - __main__ - ERROR - Error inserting record: Error binding parameter 10 - probably unsupported type.
2025-09-03 15:22:59,891 - __main__ - ERROR - Error inserting record: Error binding parameter 10 - probably unsupported type.
2025-09-03 15:22:59,891 - __main__ - ERROR - Error inserting record: Error binding parameter 10 - probably unsupported type.
2025-09-03 15:22:59,891 - __main__ - ERROR - Error inserting record: Error binding parameter 10 - probably unsupported type.
2025-09-03 15:22:59,891 - __main__ - ERROR - Error inserting record: Error binding parameter 10 - probably unsupported type.
2025-09-03 15:22:59,891 - __main__ - ERROR - Error inserting record: Error binding parameter 10 - probably unsupported type.
2025-09-03 15:22:59,892 - __main__ - ERROR - Error inserting record: Error binding parameter 10 - probably unsupported type.
2025-09-03 15:22:59,892 - __main__ - ERROR - Error inserting record: Error binding parameter 10 - probably unsupported type.
2025-09-03 15:22:59,892 - __main__ - ERROR - Error inserting record: Error binding parameter 10 - probably unsupported type.
2025-09-03 15:22:59,892 - __main__ - ERROR - Error inserting record: Error binding parameter 10 - probably unsupported type.
2025-09-03 15:22:59,892 - __main__ - ERROR - Error inserting record: Error binding parameter 10 - probably unsupported type.
2025-09-03 15:22:59,892 - __main__ - ERROR - Error inserting record: Error binding parameter 10 - probably unsupported type.
2025-09-03 15:22:59,893 - __main__ - ERROR - Error inserting record: Error binding parameter 10 - probably unsupported type.
2025-09-03 15:22:59,893 - __main__ - ERROR - Error inserting record: Error binding parameter 10 - probably unsupported type.
2025-09-03 15:22:59,893 - __main__ - ERROR - Error inserting record: Error binding parameter 10 - probably unsupported type.
2025-09-03 15:22:59,893 - __main__ - ERROR - Error inserting record: Error binding parameter 10 - probably unsupported type.
2025-09-03 15:22:59,893 - __main__ - ERROR - Error inserting record: Error binding parameter 10 - probably unsupported type.
2025-09-03 15:22:59,893 - __main__ - ERROR - Error inserting record: Error binding parameter 10 - probably unsupported type.
2025-09-03 15:22:59,893 - __main__ - ERROR - Error inserting record: Error binding parameter 10 - probably unsupported type.
2025-09-03 15:22:59,893 - __main__ - ERROR - Error inserting record: Error binding parameter 10 - probably unsupported type.
2025-09-03 15:22:59,893 - __main__ - ERROR - Error inserting record: Error binding parameter 10 - probably unsupported type.
2025-09-03 15:22:59,893 - __main__ - ERROR - Error inserting record: Error binding parameter 10 - probably unsupported type.
2025-09-03 15:22:59,893 - __main__ - ERROR - Error inserting record: Error binding parameter 10 - probably unsupported type.
2025-09-03 15:22:59,893 - __main__ - ERROR - Error inserting record: Error binding parameter 10 - probably unsupported type.
2025-09-03 15:22:59,894 - __main__ - ERROR - Error inserting record: Error binding parameter 10 - probably unsupported type.
2025-09-03 15:22:59,894 - __main__ - ERROR - Error inserting record: Error binding parameter 10 - probably unsupported type.
2025-09-03 15:22:59,894 - __main__ - ERROR - Error inserting record: Error binding parameter 10 - probably unsupported type.
2025-09-03 15:22:59,894 - __main__ - ERROR - Error inserting record: Error binding parameter 10 - probably unsupported type.
2025-09-03 15:22:59,894 - __main__ - ERROR - Error inserting record: Error binding parameter 10 - probably unsupported type.
2025-09-03 15:22:59,894 - __main__ - ERROR - Error inserting record: Error binding parameter 10 - probably unsupported type.
2025-09-03 15:22:59,894 - __main__ - ERROR - Error inserting record: Error binding parameter 10 - probably unsupported type.
2025-09-03 15:22:59,894 - __main__ - ERROR - Error inserting record: Error binding parameter 10 - probably unsupported type.
2025-09-03 15:22:59,894 - __main__ - ERROR - Error inserting record: Error binding parameter 10 - probably unsupported type.
2025-09-03 15:22:59,894 - __main__ - ERROR - Error inserting record: Error binding parameter 10 - probably unsupported type.
2025-09-03 15:22:59,894 - __main__ - ERROR - Error inserting record: Error binding parameter 10 - probably unsupported type.
2025-09-03 15:22:59,894 - __main__ - ERROR - Error inserting record: Error binding parameter 10 - probably unsupported type.
2025-09-03 15:22:59,894 - __main__ - ERROR - Error inserting record: Error binding parameter 10 - probably unsupported type.
2025-09-03 15:22:59,894 - __main__ - ERROR - Error inserting record: Error binding parameter 10 - probably unsupported type.
2025-09-03 15:22:59,894 - __main__ - ERROR - Error inserting record: Error binding parameter 10 - probably unsupported type.
2025-09-03 15:22:59,895 - __main__ - ERROR - Error inserting record: Error binding parameter 10 - probably unsupported type.
2025-09-03 15:22:59,895 - __main__ - ERROR - Error inserting record: Error binding parameter 10 - probably unsupported type.
2025-09-03 15:22:59,895 - __main__ - ERROR - Error inserting record: Error binding parameter 10 - probably unsupported type.
2025-09-03 15:22:59,895 - __main__ - ERROR - Error inserting record: Error binding parameter 10 - probably unsupported type.
2025-09-03 15:22:59,895 - __main__ - ERROR - Error inserting record: Error binding parameter 10 - probably unsupported type.
2025-09-03 15:22:59,895 - __main__ - ERROR - Error inserting record: Error binding parameter 10 - probably unsupported type.
2025-09-03 15:22:59,895 - __main__ - ERROR - Error inserting record: Error binding parameter 10 - probably unsupported type.
2025-09-03 15:22:59,895 - __main__ - ERROR - Error inserting record: Error binding parameter 10 - probably unsupported type.
2025-09-03 15:22:59,895 - __main__ - ERROR - Error inserting record: Error binding parameter 10 - probably unsupported type.
2025-09-03 15:22:59,895 - __main__ - ERROR - Error inserting record: Error binding parameter 10 - probably unsupported type.
2025-09-03 15:22:59,895 - __main__ - ERROR - Error inserting record: Error binding parameter 10 - probably unsupported type.
2025-09-03 15:22:59,895 - __main__ - ERROR - Error inserting record: Error binding parameter 10 - probably unsupported type.
2025-09-03 15:22:59,896 - __main__ - ERROR - Error inserting record: Error binding parameter 10 - probably unsupported type.
2025-09-03 15:22:59,896 - __main__ - ERROR - Error inserting record: Error binding parameter 10 - probably unsupported type.
2025-09-03 15:22:59,896 - __main__ - ERROR - Error inserting record: Error binding parameter 10 - probably unsupported type.
2025-09-03 15:22:59,896 - __main__ - ERROR - Error inserting record: Error binding parameter 10 - probably unsupported type.
2025-09-03 15:22:59,896 - __main__ - ERROR - Error inserting record: Error binding parameter 10 - probably unsupported type.
2025-09-03 15:22:59,896 - __main__ - ERROR - Error inserting record: Error binding parameter 10 - probably unsupported type.
2025-09-03 15:22:59,896 - __main__ - ERROR - Error inserting record: Error binding parameter 10 - probably unsupported type.
2025-09-03 15:22:59,896 - __main__ - ERROR - Error inserting record: Error binding parameter 10 - probably unsupported type.
2025-09-03 15:22:59,896 - __main__ - ERROR - Error inserting record: Error binding parameter 10 - probably unsupported type.
2025-09-03 15:22:59,896 - __main__ - ERROR - Error inserting record: Error binding parameter 10 - probably unsupported type.
2025-09-03 15:22:59,896 - __main__ - ERROR - Error inserting record: Error binding parameter 10 - probably unsupported type.
2025-09-03 15:22:59,896 - __main__ - ERROR - Error inserting record: Error binding parameter 10 - probably unsupported type.
2025-09-03 15:22:59,896 - __main__ - ERROR - Error inserting record: Error binding parameter 10 - probably unsupported type.
2025-09-03 15:22:59,896 - __main__ - ERROR - Error inserting record: Error binding parameter 10 - probably unsupported type.
2025-09-03 15:22:59,897 - __main__ - ERROR - Error inserting record: Error binding parameter 10 - probably unsupported type.
2025-09-03 15:22:59,897 - __main__ - ERROR - Error inserting record: Error binding parameter 10 - probably unsupported type.
2025-09-03 15:22:59,897 - __main__ - ERROR - Error inserting record: Error binding parameter 10 - probably unsupported type.
2025-09-03 15:22:59,897 - __main__ - ERROR - Error inserting record: Error binding parameter 10 - probably unsupported type.
2025-09-03 15:22:59,897 - __main__ - ERROR - Error inserting record: Error binding parameter 10 - probably unsupported type.
2025-09-03 15:22:59,897 - __main__ - ERROR - Error inserting record: Error binding parameter 10 - probably unsupported type.
2025-09-03 15:22:59,897 - __main__ - ERROR - Error inserting record: Error binding parameter 10 - probably unsupported type.
2025-09-03 15:22:59,897 - __main__ - ERROR - Error inserting record: Error binding parameter 10 - probably unsupported type.
2025-09-03 15:22:59,897 - __main__ - ERROR - Error inserting record: Error binding parameter 10 - probably unsupported type.
2025-09-03 15:22:59,898 - __main__ - ERROR - Error inserting record: Error binding parameter 10 - probably unsupported type.
2025-09-03 15:22:59,898 - __main__ - ERROR - Error inserting record: Error binding parameter 10 - probably unsupported type.
2025-09-03 15:22:59,898 - __main__ - ERROR - Error inserting record: Error binding parameter 10 - probably unsupported type.
2025-09-03 15:22:59,898 - __main__ - ERROR - Error inserting record: Error binding parameter 10 - probably unsupported type.
2025-09-03 15:22:59,898 - __main__ - ERROR - Error inserting record: Error binding parameter 10 - probably unsupported type.
2025-09-03 15:22:59,898 - __main__ - ERROR - Error inserting record: Error binding parameter 10 - probably unsupported type.
2025-09-03 15:22:59,898 - __main__ - ERROR - Error inserting record: Error binding parameter 10 - probably unsupported type.
2025-09-03 15:22:59,898 - __main__ - ERROR - Error inserting record: Error binding parameter 10 - probably unsupported type.
2025-09-03 15:22:59,898 - __main__ - ERROR - Error inserting record: Error binding parameter 10 - probably unsupported type.
2025-09-03 15:22:59,898 - __main__ - ERROR - Error inserting record: Error binding parameter 10 - probably unsupported type.
2025-09-03 15:22:59,898 - __main__ - ERROR - Error inserting record: Error binding parameter 10 - probably unsupported type.
2025-09-03 15:22:59,899 - __main__ - ERROR - Error inserting record: Error binding parameter 10 - probably unsupported type.
2025-09-03 15:22:59,899 - __main__ - ERROR - Error inserting record: Error binding parameter 10 - probably unsupported type.
2025-09-03 15:22:59,899 - __main__ - ERROR - Error inserting record: Error binding parameter 10 - probably unsupported type.
2025-09-03 15:22:59,899 - __main__ - ERROR - Error inserting record: Error binding parameter 10 - probably unsupported type.
2025-09-03 15:22:59,899 - __main__ - ERROR - Error inserting record: Error binding parameter 10 - probably unsupported type.
2025-09-03 15:22:59,899 - __main__ - ERROR - Error inserting record: Error binding parameter 10 - probably unsupported type.
2025-09-03 15:22:59,899 - __main__ - ERROR - Error inserting record: Error binding parameter 10 - probably unsupported type.
2025-09-03 15:22:59,899 - __main__ - ERROR - Error inserting record: Error binding parameter 10 - probably unsupported type.
2025-09-03 15:22:59,899 - __main__ - ERROR - Error inserting record: Error binding parameter 10 - probably unsupported type.
2025-09-03 15:22:59,899 - __main__ - ERROR - Error inserting record: Error binding parameter 10 - probably unsupported type.
2025-09-03 15:22:59,900 - __main__ - ERROR - Error inserting record: Error binding parameter 10 - probably unsupported type.
2025-09-03 15:22:59,900 - __main__ - ERROR - Error inserting record: Error binding parameter 10 - probably unsupported type.
2025-09-03 15:22:59,900 - __main__ - ERROR - Error inserting record: Error binding parameter 10 - probably unsupported type.
2025-09-03 15:22:59,900 - __main__ - ERROR - Error inserting record: Error binding parameter 10 - probably unsupported type.
2025-09-03 15:22:59,900 - __main__ - ERROR - Error inserting record: Error binding parameter 10 - probably unsupported type.
2025-09-03 15:22:59,900 - __main__ - ERROR - Error inserting record: Error binding parameter 10 - probably unsupported type.
2025-09-03 15:22:59,900 - __main__ - ERROR - Error inserting record: Error binding parameter 10 - probably unsupported type.
2025-09-03 15:22:59,900 - __main__ - ERROR - Error inserting record: Error binding parameter 10 - probably unsupported type.
2025-09-03 15:22:59,900 - __main__ - ERROR - Error inserting record: Error binding parameter 10 - probably unsupported type.
2025-09-03 15:22:59,900 - __main__ - ERROR - Error inserting record: Error binding parameter 10 - probably unsupported type.
2025-09-03 15:22:59,900 - __main__ - ERROR - Error inserting record: Error binding parameter 10 - probably unsupported type.
2025-09-03 15:22:59,900 - __main__ - ERROR - Error inserting record: Error binding parameter 10 - probably unsupported type.
2025-09-03 15:22:59,900 - __main__ - ERROR - Error inserting record: Error binding parameter 10 - probably unsupported type.
2025-09-03 15:22:59,901 - __main__ - ERROR - Error inserting record: Error binding parameter 10 - probably unsupported type.
2025-09-03 15:22:59,901 - __main__ - ERROR - Error inserting record: Error binding parameter 10 - probably unsupported type.
2025-09-03 15:22:59,901 - __main__ - ERROR - Error inserting record: Error binding parameter 10 - probably unsupported type.
2025-09-03 15:22:59,901 - __main__ - ERROR - Error inserting record: Error binding parameter 10 - probably unsupported type.
2025-09-03 15:22:59,901 - __main__ - ERROR - Error inserting record: Error binding parameter 10 - probably unsupported type.
2025-09-03 15:22:59,901 - __main__ - ERROR - Error inserting record: Error binding parameter 10 - probably unsupported type.
2025-09-03 15:22:59,901 - __main__ - ERROR - Error inserting record: Error binding parameter 10 - probably unsupported type.
2025-09-03 15:22:59,901 - __main__ - ERROR - Error inserting record: Error binding parameter 10 - probably unsupported type.
2025-09-03 15:22:59,901 - __main__ - ERROR - Error inserting record: Error binding parameter 10 - probably unsupported type.
2025-09-03 15:22:59,901 - __main__ - ERROR - Error inserting record: Error binding parameter 10 - probably unsupported type.
2025-09-03 15:22:59,901 - __main__ - ERROR - Error inserting record: Error binding parameter 10 - probably unsupported type.
2025-09-03 15:22:59,901 - __main__ - ERROR - Error inserting record: Error binding parameter 10 - probably unsupported type.
2025-09-03 15:22:59,901 - __main__ - ERROR - Error inserting record: Error binding parameter 10 - probably unsupported type.
2025-09-03 15:22:59,901 - __main__ - ERROR - Error inserting record: Error binding parameter 10 - probably unsupported type.
2025-09-03 15:22:59,901 - __main__ - ERROR - Error inserting record: Error binding parameter 10 - probably unsupported type.
2025-09-03 15:22:59,901 - __main__ - ERROR - Error inserting record: Error binding parameter 10 - probably unsupported type.
2025-09-03 15:22:59,901 - __main__ - ERROR - Error inserting record: Error binding parameter 10 - probably unsupported type.
2025-09-03 15:22:59,901 - __main__ - ERROR - Error inserting record: Error binding parameter 10 - probably unsupported type.
2025-09-03 15:22:59,901 - __main__ - ERROR - Error inserting record: Error binding parameter 10 - probably unsupported type.
2025-09-03 15:22:59,901 - __main__ - ERROR - Error inserting record: Error binding parameter 10 - probably unsupported type.
2025-09-03 15:22:59,901 - __main__ - ERROR - Error inserting record: Error binding parameter 10 - probably unsupported type.
2025-09-03 15:22:59,903 - __main__ - ERROR - Error inserting record: Error binding parameter 10 - probably unsupported type.
2025-09-03 15:22:59,903 - __main__ - ERROR - Error inserting record: Error binding parameter 10 - probably unsupported type.
2025-09-03 15:22:59,903 - __main__ - ERROR - Error inserting record: Error binding parameter 10 - probably unsupported type.
2025-09-03 15:22:59,903 - __main__ - ERROR - Error inserting record: Error binding parameter 10 - probably unsupported type.
2025-09-03 15:22:59,903 - __main__ - ERROR - Error inserting record: Error binding parameter 10 - probably unsupported type.
2025-09-03 15:22:59,903 - __main__ - ERROR - Error inserting record: Error binding parameter 10 - probably unsupported type.
2025-09-03 15:22:59,903 - __main__ - ERROR - Error inserting record: Error binding parameter 10 - probably unsupported type.
2025-09-03 15:22:59,903 - __main__ - ERROR - Error inserting record: Error binding parameter 10 - probably unsupported type.
2025-09-03 15:22:59,903 - __main__ - ERROR - Error inserting record: Error binding parameter 10 - probably unsupported type.
2025-09-03 15:22:59,903 - __main__ - ERROR - Error inserting record: Error binding parameter 10 - probably unsupported type.
2025-09-03 15:22:59,903 - __main__ - ERROR - Error inserting record: Error binding parameter 10 - probably unsupported type.
2025-09-03 15:22:59,903 - __main__ - ERROR - Error inserting record: Error binding parameter 10 - probably unsupported type.
2025-09-03 15:22:59,904 - __main__ - ERROR - Error inserting record: Error binding parameter 10 - probably unsupported type.
2025-09-03 15:22:59,904 - __main__ - ERROR - Error inserting record: Error binding parameter 10 - probably unsupported type.
2025-09-03 15:22:59,904 - __main__ - ERROR - Error inserting record: Error binding parameter 10 - probably unsupported type.
2025-09-03 15:22:59,904 - __main__ - ERROR - Error inserting record: Error binding parameter 10 - probably unsupported type.
2025-09-03 15:22:59,904 - __main__ - ERROR - Error inserting record: Error binding parameter 10 - probably unsupported type.
2025-09-03 15:22:59,904 - __main__ - ERROR - Error inserting record: Error binding parameter 10 - probably unsupported type.
2025-09-03 15:22:59,904 - __main__ - ERROR - Error inserting record: Error binding parameter 10 - probably unsupported type.
2025-09-03 15:22:59,904 - __main__ - ERROR - Error inserting record: Error binding parameter 10 - probably unsupported type.
2025-09-03 15:22:59,904 - __main__ - ERROR - Error inserting record: Error binding parameter 10 - probably unsupported type.
2025-09-03 15:22:59,904 - __main__ - ERROR - Error inserting record: Error binding parameter 10 - probably unsupported type.
2025-09-03 15:22:59,904 - __main__ - ERROR - Error inserting record: Error binding parameter 10 - probably unsupported type.
2025-09-03 15:22:59,904 - __main__ - ERROR - Error inserting record: Error binding parameter 10 - probably unsupported type.
2025-09-03 15:22:59,904 - __main__ - ERROR - Error inserting record: Error binding parameter 10 - probably unsupported type.
2025-09-03 15:22:59,905 - __main__ - ERROR - Error inserting record: Error binding parameter 10 - probably unsupported type.
2025-09-03 15:22:59,905 - __main__ - ERROR - Error inserting record: Error binding parameter 10 - probably unsupported type.
2025-09-03 15:22:59,905 - __main__ - ERROR - Error inserting record: Error binding parameter 10 - probably unsupported type.
2025-09-03 15:22:59,905 - __main__ - ERROR - Error inserting record: Error binding parameter 10 - probably unsupported type.
2025-09-03 15:22:59,905 - __main__ - ERROR - Error inserting record: Error binding parameter 10 - probably unsupported type.
2025-09-03 15:22:59,905 - __main__ - ERROR - Error inserting record: Error binding parameter 10 - probably unsupported type.
2025-09-03 15:22:59,905 - __main__ - ERROR - Error inserting record: Error binding parameter 10 - probably unsupported type.
2025-09-03 15:22:59,905 - __main__ - ERROR - Error inserting record: Error binding parameter 10 - probably unsupported type.
2025-09-03 15:22:59,905 - __main__ - ERROR - Error inserting record: Error binding parameter 10 - probably unsupported type.
2025-09-03 15:22:59,906 - __main__ - ERROR - Error inserting record: Error binding parameter 10 - probably unsupported type.
2025-09-03 15:22:59,906 - __main__ - ERROR - Error inserting record: Error binding parameter 10 - probably unsupported type.
2025-09-03 15:22:59,906 - __main__ - ERROR - Error inserting record: Error binding parameter 10 - probably unsupported type.
2025-09-03 15:22:59,906 - __main__ - ERROR - Error inserting record: Error binding parameter 10 - probably unsupported type.
2025-09-03 15:22:59,906 - __main__ - ERROR - Error inserting record: Error binding parameter 10 - probably unsupported type.
2025-09-03 15:22:59,906 - __main__ - ERROR - Error inserting record: Error binding parameter 10 - probably unsupported type.
2025-09-03 15:22:59,906 - __main__ - ERROR - Error inserting record: Error binding parameter 10 - probably unsupported type.
2025-09-03 15:22:59,906 - __main__ - ERROR - Error inserting record: Error binding parameter 10 - probably unsupported type.
2025-09-03 15:22:59,907 - __main__ - ERROR - Error inserting record: Error binding parameter 10 - probably unsupported type.
2025-09-03 15:22:59,907 - __main__ - ERROR - Error inserting record: Error binding parameter 10 - probably unsupported type.
2025-09-03 15:22:59,907 - __main__ - ERROR - Error inserting record: Error binding parameter 10 - probably unsupported type.
2025-09-03 15:22:59,907 - __main__ - ERROR - Error inserting record: Error binding parameter 10 - probably unsupported type.
2025-09-03 15:22:59,907 - __main__ - ERROR - Error inserting record: Error binding parameter 10 - probably unsupported type.
2025-09-03 15:22:59,907 - __main__ - ERROR - Error inserting record: Error binding parameter 10 - probably unsupported type.
2025-09-03 15:22:59,907 - __main__ - ERROR - Error inserting record: Error binding parameter 10 - probably unsupported type.
2025-09-03 15:22:59,907 - __main__ - ERROR - Error inserting record: Error binding parameter 10 - probably unsupported type.
2025-09-03 15:22:59,907 - __main__ - ERROR - Error inserting record: Error binding parameter 10 - probably unsupported type.
2025-09-03 15:22:59,907 - __main__ - ERROR - Error inserting record: Error binding parameter 10 - probably unsupported type.
2025-09-03 15:22:59,907 - __main__ - ERROR - Error inserting record: Error binding parameter 10 - probably unsupported type.
2025-09-03 15:22:59,907 - __main__ - ERROR - Error inserting record: Error binding parameter 10 - probably unsupported type.
2025-09-03 15:22:59,907 - __main__ - ERROR - Error inserting record: Error binding parameter 10 - probably unsupported type.
2025-09-03 15:22:59,907 - __main__ - ERROR - Error inserting record: Error binding parameter 10 - probably unsupported type.
2025-09-03 15:22:59,907 - __main__ - ERROR - Error inserting record: Error binding parameter 10 - probably unsupported type.
2025-09-03 15:22:59,908 - __main__ - ERROR - Error inserting record: Error binding parameter 10 - probably unsupported type.
2025-09-03 15:22:59,908 - __main__ - ERROR - Error inserting record: Error binding parameter 10 - probably unsupported type.
2025-09-03 15:22:59,908 - __main__ - ERROR - Error inserting record: Error binding parameter 10 - probably unsupported type.
2025-09-03 15:22:59,908 - __main__ - ERROR - Error inserting record: Error binding parameter 10 - probably unsupported type.
2025-09-03 15:22:59,908 - __main__ - ERROR - Error inserting record: Error binding parameter 10 - probably unsupported type.
2025-09-03 15:22:59,908 - __main__ - ERROR - Error inserting record: Error binding parameter 10 - probably unsupported type.
2025-09-03 15:22:59,908 - __main__ - ERROR - Error inserting record: Error binding parameter 10 - probably unsupported type.
2025-09-03 15:22:59,908 - __main__ - ERROR - Error inserting record: Error binding parameter 10 - probably unsupported type.
2025-09-03 15:22:59,908 - __main__ - ERROR - Error inserting record: Error binding parameter 10 - probably unsupported type.
2025-09-03 15:22:59,908 - __main__ - ERROR - Error inserting record: Error binding parameter 10 - probably unsupported type.
2025-09-03 15:22:59,908 - __main__ - ERROR - Error inserting record: Error binding parameter 10 - probably unsupported type.
2025-09-03 15:22:59,908 - __main__ - ERROR - Error inserting record: Error binding parameter 10 - probably unsupported type.
2025-09-03 15:22:59,908 - __main__ - ERROR - Error inserting record: Error binding parameter 10 - probably unsupported type.
2025-09-03 15:22:59,908 - __main__ - ERROR - Error inserting record: Error binding parameter 10 - probably unsupported type.
2025-09-03 15:22:59,909 - __main__ - ERROR - Error inserting record: Error binding parameter 10 - probably unsupported type.
2025-09-03 15:22:59,909 - __main__ - ERROR - Error inserting record: Error binding parameter 10 - probably unsupported type.
2025-09-03 15:22:59,909 - __main__ - ERROR - Error inserting record: Error binding parameter 10 - probably unsupported type.
2025-09-03 15:22:59,909 - __main__ - ERROR - Error inserting record: Error binding parameter 10 - probably unsupported type.
2025-09-03 15:22:59,909 - __main__ - ERROR - Error inserting record: Error binding parameter 10 - probably unsupported type.
2025-09-03 15:22:59,909 - __main__ - ERROR - Error inserting record: Error binding parameter 10 - probably unsupported type.
2025-09-03 15:22:59,909 - __main__ - ERROR - Error inserting record: Error binding parameter 10 - probably unsupported type.
2025-09-03 15:22:59,909 - __main__ - ERROR - Error inserting record: Error binding parameter 10 - probably unsupported type.
2025-09-03 15:22:59,913 - __main__ - INFO - Successfully inserted 603/1047 records
2025-09-03 15:22:59,913 - __main__ - INFO - Processed 1047 lines, inserted 603 records
2025-09-03 15:23:09,580 - __main__ - INFO - ==================================================
2025-09-03 15:23:09,580 - __main__ - INFO - WAZUH REALTIME SERVER STATS
2025-09-03 15:23:09,580 - __main__ - INFO - ==================================================
2025-09-03 15:23:09,580 - __main__ - INFO - Total Records: 603
2025-09-03 15:23:09,580 - __main__ - INFO - Last Fetch: 2025-09-03 08:22:59
2025-09-03 15:23:09,580 - __main__ - INFO - Latest Record: 2025-09-03T08:22:24.022+0000
2025-09-03 15:23:09,580 - __main__ - INFO - Database File: wazuh_archives.db
2025-09-03 15:23:09,581 - __main__ - INFO - Container Position: 823125
2025-09-03 15:23:09,581 - __main__ - INFO - ==================================================
2025-09-03 15:23:19,582 - __main__ - INFO - ==================================================
2025-09-03 15:23:19,582 - __main__ - INFO - WAZUH REALTIME SERVER STATS
2025-09-03 15:23:19,582 - __main__ - INFO - ==================================================
2025-09-03 15:23:19,582 - __main__ - INFO - Total Records: 603
2025-09-03 15:23:19,582 - __main__ - INFO - Last Fetch: 2025-09-03 08:22:59
2025-09-03 15:23:19,582 - __main__ - INFO - Latest Record: 2025-09-03T08:22:24.022+0000
2025-09-03 15:23:19,582 - __main__ - INFO - Database File: wazuh_archives.db
2025-09-03 15:23:19,582 - __main__ - INFO - Container Position: 823125
2025-09-03 15:23:19,582 - __main__ - INFO - ==================================================
2025-09-03 15:23:29,582 - __main__ - INFO - ==================================================
2025-09-03 15:23:29,582 - __main__ - INFO - WAZUH REALTIME SERVER STATS
2025-09-03 15:23:29,582 - __main__ - INFO - ==================================================
2025-09-03 15:23:29,582 - __main__ - INFO - Total Records: 603
2025-09-03 15:23:29,582 - __main__ - INFO - Last Fetch: 2025-09-03 08:22:59
2025-09-03 15:23:29,582 - __main__ - INFO - Latest Record: 2025-09-03T08:22:24.022+0000
2025-09-03 15:23:29,582 - __main__ - INFO - Database File: wazuh_archives.db
2025-09-03 15:23:29,583 - __main__ - INFO - Container Position: 823125
2025-09-03 15:23:29,583 - __main__ - INFO - ==================================================
2025-09-03 15:23:36,218 - __main__ - INFO - Received signal 2, shutting down...
2025-09-03 15:23:36,218 - __main__ - INFO - Stopping Wazuh Real-time Data Fetcher...
2025-09-03 15:23:40,438 - __main__ - INFO - Received signal 2, shutting down...
2025-09-03 15:23:40,439 - __main__ - INFO - Stopping Wazuh Real-time Data Fetcher...
2025-09-03 15:24:52,761 - __main__ - INFO - Database initialized: wazuh_archives.db
2025-09-03 15:24:52,772 - __main__ - INFO - Connected to Docker daemon
2025-09-03 15:24:52,805 - __main__ - INFO - Found Wazuh container: single-node-wazuh.manager-1 (ee33420bfec5)
2025-09-03 15:24:52,805 - __main__ - INFO - Starting Wazuh Real-time Data Fetcher...
2025-09-03 15:24:52,806 - __main__ - INFO - Fetch loop started with interval: 5s
2025-09-03 15:24:52,807 - __main__ - INFO - ==================================================
2025-09-03 15:24:52,807 - __main__ - INFO - WAZUH REALTIME SERVER STATS
2025-09-03 15:24:52,807 - __main__ - INFO - ==================================================
2025-09-03 15:24:52,807 - __main__ - INFO - Total Records: 0
2025-09-03 15:24:52,807 - __main__ - INFO - Last Fetch: 2025-09-03 08:24:52
2025-09-03 15:24:52,808 - __main__ - INFO - Latest Record: None
2025-09-03 15:24:52,808 - __main__ - INFO - Database File: wazuh_archives.db
2025-09-03 15:24:52,808 - __main__ - INFO - Container Position: 0
2025-09-03 15:24:52,808 - __main__ - INFO - ==================================================
2025-09-03 15:24:52,871 - __main__ - INFO - File size: 823125, last position: 0
2025-09-03 15:24:52,974 - __main__ - INFO - Successfully inserted 1047/1047 records
2025-09-03 15:24:52,974 - __main__ - INFO - Processed 1047 lines, inserted 1047 records
2025-09-03 15:25:02,808 - __main__ - INFO - ==================================================
2025-09-03 15:25:02,808 - __main__ - INFO - WAZUH REALTIME SERVER STATS
2025-09-03 15:25:02,808 - __main__ - INFO - ==================================================
2025-09-03 15:25:02,808 - __main__ - INFO - Total Records: 1047
2025-09-03 15:25:02,808 - __main__ - INFO - Last Fetch: 2025-09-03 08:24:52
2025-09-03 15:25:02,808 - __main__ - INFO - Latest Record: 2025-09-03T08:22:24.022+0000
2025-09-03 15:25:02,808 - __main__ - INFO - Database File: wazuh_archives.db
2025-09-03 15:25:02,808 - __main__ - INFO - Container Position: 823125
2025-09-03 15:25:02,808 - __main__ - INFO - ==================================================
2025-09-03 15:25:03,118 - __main__ - INFO - File size: 824487, last position: 823125
2025-09-03 15:25:03,210 - __main__ - INFO - Successfully inserted 3/3 records
2025-09-03 15:25:03,210 - __main__ - INFO - Processed 3 lines, inserted 3 records
2025-09-03 15:25:12,809 - __main__ - INFO - ==================================================
2025-09-03 15:25:12,810 - __main__ - INFO - WAZUH REALTIME SERVER STATS
2025-09-03 15:25:12,810 - __main__ - INFO - ==================================================
2025-09-03 15:25:12,810 - __main__ - INFO - Total Records: 1050
2025-09-03 15:25:12,810 - __main__ - INFO - Last Fetch: 2025-09-03 08:25:03
2025-09-03 15:25:12,811 - __main__ - INFO - Latest Record: 2025-09-03T08:25:01.994+0000
2025-09-03 15:25:12,811 - __main__ - INFO - Database File: wazuh_archives.db
2025-09-03 15:25:12,811 - __main__ - INFO - Container Position: 824487
2025-09-03 15:25:12,811 - __main__ - INFO - ==================================================
2025-09-03 15:25:22,811 - __main__ - INFO - ==================================================
2025-09-03 15:25:22,811 - __main__ - INFO - WAZUH REALTIME SERVER STATS
2025-09-03 15:25:22,811 - __main__ - INFO - ==================================================
2025-09-03 15:25:22,811 - __main__ - INFO - Total Records: 1050
2025-09-03 15:25:22,811 - __main__ - INFO - Last Fetch: 2025-09-03 08:25:03
2025-09-03 15:25:22,811 - __main__ - INFO - Latest Record: 2025-09-03T08:25:01.994+0000
2025-09-03 15:25:22,811 - __main__ - INFO - Database File: wazuh_archives.db
2025-09-03 15:25:22,812 - __main__ - INFO - Container Position: 824487
2025-09-03 15:25:22,812 - __main__ - INFO - ==================================================
2025-09-03 15:25:32,813 - __main__ - INFO - ==================================================
2025-09-03 15:25:32,813 - __main__ - INFO - WAZUH REALTIME SERVER STATS
2025-09-03 15:25:32,813 - __main__ - INFO - ==================================================
2025-09-03 15:25:32,813 - __main__ - INFO - Total Records: 1050
2025-09-03 15:25:32,813 - __main__ - INFO - Last Fetch: 2025-09-03 08:25:03
2025-09-03 15:25:32,813 - __main__ - INFO - Latest Record: 2025-09-03T08:25:01.994+0000
2025-09-03 15:25:32,813 - __main__ - INFO - Database File: wazuh_archives.db
2025-09-03 15:25:32,813 - __main__ - INFO - Container Position: 824487
2025-09-03 15:25:32,814 - __main__ - INFO - ==================================================
2025-09-03 15:25:42,814 - __main__ - INFO - ==================================================
2025-09-03 15:25:42,814 - __main__ - INFO - WAZUH REALTIME SERVER STATS
2025-09-03 15:25:42,814 - __main__ - INFO - ==================================================
2025-09-03 15:25:42,814 - __main__ - INFO - Total Records: 1050
2025-09-03 15:25:42,814 - __main__ - INFO - Last Fetch: 2025-09-03 08:25:03
2025-09-03 15:25:42,814 - __main__ - INFO - Latest Record: 2025-09-03T08:25:01.994+0000
2025-09-03 15:25:42,814 - __main__ - INFO - Database File: wazuh_archives.db
2025-09-03 15:25:42,814 - __main__ - INFO - Container Position: 824487
2025-09-03 15:25:42,814 - __main__ - INFO - ==================================================
2025-09-03 15:25:52,815 - __main__ - INFO - ==================================================
2025-09-03 15:25:52,815 - __main__ - INFO - WAZUH REALTIME SERVER STATS
2025-09-03 15:25:52,816 - __main__ - INFO - ==================================================
2025-09-03 15:25:52,816 - __main__ - INFO - Total Records: 1050
2025-09-03 15:25:52,816 - __main__ - INFO - Last Fetch: 2025-09-03 08:25:03
2025-09-03 15:25:52,816 - __main__ - INFO - Latest Record: 2025-09-03T08:25:01.994+0000
2025-09-03 15:25:52,816 - __main__ - INFO - Database File: wazuh_archives.db
2025-09-03 15:25:52,816 - __main__ - INFO - Container Position: 824487
2025-09-03 15:25:52,818 - __main__ - INFO - ==================================================
2025-09-03 15:26:02,818 - __main__ - INFO - ==================================================
2025-09-03 15:26:02,818 - __main__ - INFO - WAZUH REALTIME SERVER STATS
2025-09-03 15:26:02,818 - __main__ - INFO - ==================================================
2025-09-03 15:26:02,818 - __main__ - INFO - Total Records: 1050
2025-09-03 15:26:02,818 - __main__ - INFO - Last Fetch: 2025-09-03 08:25:03
2025-09-03 15:26:02,818 - __main__ - INFO - Latest Record: 2025-09-03T08:25:01.994+0000
2025-09-03 15:26:02,818 - __main__ - INFO - Database File: wazuh_archives.db
2025-09-03 15:26:02,818 - __main__ - INFO - Container Position: 824487
2025-09-03 15:26:02,819 - __main__ - INFO - ==================================================
2025-09-03 15:26:04,103 - __main__ - INFO - File size: 827169, last position: 824487
2025-09-03 15:26:04,195 - __main__ - INFO - Successfully inserted 9/9 records
2025-09-03 15:26:04,195 - __main__ - INFO - Processed 9 lines, inserted 9 records
2025-09-03 15:26:12,820 - __main__ - INFO - ==================================================
2025-09-03 15:26:12,820 - __main__ - INFO - WAZUH REALTIME SERVER STATS
2025-09-03 15:26:12,820 - __main__ - INFO - ==================================================
2025-09-03 15:26:12,820 - __main__ - INFO - Total Records: 1059
2025-09-03 15:26:12,820 - __main__ - INFO - Last Fetch: 2025-09-03 08:26:04
2025-09-03 15:26:12,820 - __main__ - INFO - Latest Record: 2025-09-03T08:25:59.144+0000
2025-09-03 15:26:12,820 - __main__ - INFO - Database File: wazuh_archives.db
2025-09-03 15:26:12,820 - __main__ - INFO - Container Position: 827169
2025-09-03 15:26:12,820 - __main__ - INFO - ==================================================
2025-09-03 15:26:22,821 - __main__ - INFO - ==================================================
2025-09-03 15:26:22,821 - __main__ - INFO - WAZUH REALTIME SERVER STATS
2025-09-03 15:26:22,821 - __main__ - INFO - ==================================================
2025-09-03 15:26:22,821 - __main__ - INFO - Total Records: 1059
2025-09-03 15:26:22,822 - __main__ - INFO - Last Fetch: 2025-09-03 08:26:04
2025-09-03 15:26:22,822 - __main__ - INFO - Latest Record: 2025-09-03T08:25:59.144+0000
2025-09-03 15:26:22,822 - __main__ - INFO - Database File: wazuh_archives.db
2025-09-03 15:26:22,822 - __main__ - INFO - Container Position: 827169
2025-09-03 15:26:22,822 - __main__ - INFO - ==================================================
